
00 aa 00 30 91 0d 00 04 75 8d 49 c7 08 00 45 00 
00 30 00 00 40 00 40 06 71 39 c0 a8 24 1e c0 a8 
24 20 00 50 04 3c 36 06 ed 32 64 f1 96 8b 70 12 
16 d0 7f 6e 00 00 02 04 05 b4 01 01 04 02 

00 04 75 8d 49 c7 00 aa 00 30 91 09 08 00 45 00 
00 1c 08 76 20 00 80 06 48 d7 c0 a8 24 20 c0 a8 
24 1e 04 3c 00 50 64 f1 96 8b 36 06 ed 33 50 10 
44 70 00 00 00 00 

00 04 75 8d 49 c7 00 aa 00 30 91 09 08 00 45 00 
00 1c 08 74 20 00 80 06 48 d9 c0 a8 24 20 c0 a8 
24 1e 04 3c 00 50 64 f1 96 8a 00 00 00 00 70 02 
40 00 00 00 00 00 00 00 00 00 00 00 00 00 

00 aa 00 30 91 0d 00 04 75 8d 49 c7 08 00 45 00 
00 28 fd f7 40 00 40 06 73 49 c0 a8 24 1e c0 a8 
24 20 00 50 04 3c 36 06 ed 33 64 f1 97 a8 50 10 
16 d0 ab 15 00 00 

00 aa 00 30 91 0d 00 04 75 8d 49 c7 08 00 45 00 
00 dd fd f9 40 00 40 06 72 92 c0 a8 24 1e c0 a8 
24 20 00 50 04 3c 36 06 ed e9 64 f1 98 f9 50 18 
16 d0 23 29 00 00 48 54 54 50 2f 31 2e 31 20 33 
30 34 20 4e 6f 74 20 4d 6f 64 69 66 69 65 64 0d 
0a 44 61 74 65 3a 20 57 65 64 2c 20 32 36 20 46 
65 62 20 32 30 30 33 20 31 39 3a 31 37 3a 31 33 
20 47 4d 54 0d 0a 53 65 72 76 65 72 3a 20 41 70 
61 63 68 65 2f 32 2e 30 2e 34 34 20 28 55 6e 69 
78 29 0d 0a 43 6f 6e 6e 65 63 74 69 6f 6e 3a 20 
4b 65 65 70 2d 41 6c 69 76 65 0d 0a 4b 65 65 70 
2d 41 6c 69 76 65 3a 20 74 69 6d 65 6f 75 74 3d 
31 35 2c 20 6d 61 78 3d 39 39 0d 0a 45 54 61 67 
3a 20 22 33 37 65 38 65 2d 37 33 63 34 2d 35 35 
65 35 36 31 30 30 22 0d 0a 0d 0a 

00 04 75 8d 49 c7 00 aa 00 30 91 09 08 00 45 00 
00 1c 08 7b 20 00 80 06 48 d2 c0 a8 24 20 c0 a8 
24 1e 04 3d 00 50 64 f2 83 9d 00 00 00 00 00 00 
00 00 8c 73 00 00 02 04 05 b4 01 01 04 02 

00 04 75 8d 49 c7 00 aa 00 30 91 09 08 00 45 00 
00 1c 08 7e 20 00 80 06 48 cf c0 a8 24 20 c0 a8 
24 1e 04 3d 00 50 64 f2 83 9e 00 00 00 00 00 00 
00 00 00 00 00 00 

00 aa 00 30 91 0d 00 04 75 8d 49 c7 08 00 45 00 
00 de fd f8 40 00 40 06 72 92 c0 a8 24 1e c0 a8 
24 20 00 50 04 3c 36 06 ed 33 64 f1 97 a8 50 18 
16 d0 ee 2e 00 00 48 54 54 50 2f 31 2e 31 20 33 
30 34 20 4e 6f 74 20 4d 6f 64 69 66 69 65 64 0d 
0a 44 61 74 65 3a 20 57 65 64 2c 20 32 36 20 46 
65 62 20 32 30 30 33 20 31 39 3a 31 37 3a 31 33 
20 47 4d 54 0d 0a 53 65 72 76 65 72 3a 20 41 70 
61 63 68 65 2f 32 2e 30 2e 34 34 20 28 55 6e 69 
78 29 0d 0a 43 6f 6e 6e 65 63 74 69 6f 6e 3a 20 
4b 65 65 70 2d 41 6c 69 76 65 0d 0a 4b 65 65 70 
2d 41 6c 69 76 65 3a 20 74 69 6d 65 6f 75 74 3d 
31 35 2c 20 6d 61 78 3d 31 30 30 0d 0a 45 54 61 
67 3a 20 22 33 37 65 61 31 2d 37 30 65 33 2d 62 
31 34 35 64 30 30 30 22 0d 0a 0d 0a 

00 aa 00 30 91 0d 00 04 75 8d 49 c7 08 00 45 00 
00 28 99 1a 40 00 40 06 d8 26 c0 a8 24 1e c0 a8 
24 20 00 50 04 3d 36 17 89 e3 64 f2 84 e7 50 10 
16 d0 21 14 00 00 

00 aa 00 30 91 0d 00 04 75 8d 49 c7 08 00 45 00 
00 dd 99 1b 40 00 40 06 d7 70 c0 a8 24 1e c0 a8 
24 20 00 50 04 3d 36 17 89 e3 64 f2 84 e7 50 18 
16 d0 73 70 00 00 48 54 54 50 2f 31 2e 31 20 33 
30 34 20 4e 6f 74 20 4d 6f 64 69 66 69 65 64 0d 
0a 44 61 74 65 3a 20 57 65 64 2c 20 32 36 20 46 
65 62 20 32 30 30 33 20 31 39 3a 31 37 3a 31 33 
20 47 4d 54 0d 0a 53 65 72 76 65 72 3a 20 41 70 
61 63 68 65 2f 32 2e 30 2e 34 34 20 28 55 6e 69 
78 29 0d 0a 43 6f 6e 6e 65 63 74 69 6f 6e 3a 20 
4b 65 65 70 2d 41 6c 69 76 65 0d 0a 4b 65 65 70 
2d 41 6c 69 76 65 3a 20 74 69 6d 65 6f 75 74 3d 
31 35 2c 20 6d 61 78 3d 31 30 30 0d 0a 45 54 61 
67 3a 20 22 33 37 65 39 30 2d 31 39 36 2d 61 30 
38 64 35 65 30 30 22 0d 0a 0d 0a 

00 04 75 8d 49 c7 00 aa 00 30 91 09 08 00 45 00 
00 1c 08 7f 20 00 80 06 48 ce c0 a8 24 20 c0 a8 
24 1e 04 3d 00 50 64 f2 83 9e 36 17 89 e3 50 18 
44 70 00 00 00 00 00 00 00 00 00 00 00 00 00 00 
00 00 00 00 00 00 00 00 00 00 00 00 00 00 00 00 
00 00 00 00 00 00 00 00 00 00 f1 a3 00 00 47 45 
54 20 2f 61 62 6f 75 74 6e 69 73 74 2e 67 69 66 
20 48 54 54 50 2f 31 2e 31 0d 0a 41 63 63 65 70 
74 3a 20 2a 2f 2a 0d 0a 52 65 66 65 72 65 72 3a 
20 68 74 74 70 3a 2f 2f 31 39 32 2e 31 36 38 2e 
33 36 2e 33 30 2f 0d 0a 41 63 63 65 70 74 2d 4c 
61 6e 67 75 61 67 65 3a 20 65 2d 4d 6f 64 69 66 
69 65 63 65 70 74 2d 45 6e 63 20 54 68 75 2c 20 
32 33 7a 69 70 2c 20 64 65 66 33 20 32 31 3a 33 
33 3a 00 00 00 00 00 00 00 00 64 2d 53 69 6e 63 
65 3a 00 00 00 00 00 00 00 00 20 4a 61 6e 20 32 
30 30 00 00 00 00 00 00 00 00 34 34 20 47 4d 54 
0d 0a 49 66 2d 4e 6f 6e 65 2d 4d 61 74 63 68 3a 
20 22 33 37 65 39 30 2d 31 39 36 2d 61 30 38 64 
35 65 30 30 22 0d 0a 55 73 65 72 2d 41 67 65 6e 
74 3a 20 4d 6f 7a 69 6c 6c 61 2f 34 2e 30 20 28 
63 6f 6d 70 61 74 69 62 6c 65 3b 20 4d 53 49 45 
20 35 2e 30 31 3b 20 57 69 6e 64 6f 77 73 20 4e 
54 20 35 2e 30 29 0d 0a 48 6f 73 74 3a 20 31 

00 04 75 8d 49 c7 00 aa 00 30 91 09 08 00 45 00 
00 1c 08 83 20 00 80 06 48 ca c0 a8 24 20 c0 a8 
24 1e 04 3d 00 50 64 f2 84 e7 36 17 8a 98 50 18 
43 bb 00 00 00 00 00 00 00 00 2f 70 75 62 6c 69 
63 5f 00 00 00 00 00 00 00 00 69 6d 61 67 65 73 
2f 6e 00 00 00 00 00 00 00 00 62 61 6e 6e 65 72 
33 2e 00 00 00 00 00 00 00 00 2f 31 2e 31 0d 0a 
41 63 00 00 00 00 00 00 00 00 2a 0d 0a 52 65 66 
65 72 00 00 00 00 00 00 00 00 3a 2f 2f 31 39 32 
2e 31 00 00 00 00 00 00 00 00 2f 0d 0a 41 63 63 
65 70 00 00 00 00 00 00 00 00 67 65 3a 20 65 6e 
2d 75 00 00 00 00 00 00 00 00 74 2d 45 6e 63 6f 
64 69 00 00 00 00 00 00 00 00 2c 20 64 65 66 6c 
61 74 00 00 00 00 00 00 00 00 41 67 65 6e 74 3a 
20 4d 00 00 00 00 00 00 00 00 2e 30 20 28 63 6f 
6d 70 00 00 00 00 00 00 00 00 4d 53 49 45 20 35 
2e 30 00 00 00 00 00 00 00 00 77 73 20 4e 54 20 
35 2e 00 00 00 00 00 00 00 00 3a 20 31 39 32 2e 
31 36 38 2e 33 36 2e 33 30 0d 0a 43 6f 6e 6e 65 
63 74 00 00 00 00 00 00 00 00 70 2d 41 6c 69 76 
65 0d 00 00 00 

00 aa 00 30 91 0d 00 04 75 8d 49 c7 08 00 45 00 
02 1e fd fa 40 00 40 06 71 50 c0 a8 24 1e c0 a8 
24 20 00 50 04 3c 36 06 ee 9e 64 f1 99 e8 50 18 
16 d0 06 69 00 00 48 54 54 50 2f 31 2e 31 20 34 
30 34 20 4e 6f 74 20 46 6f 75 6e 64 0d 0a 44 61 
74 65 3a 20 57 65 64 2c 20 32 36 20 46 65 62 20 
32 30 30 33 20 31 39 3a 31 37 3a 31 33 20 47 4d 
54 0d 0a 53 65 72 76 65 72 3a 20 41 70 61 63 68 
65 2f 32 2e 30 2e 34 34 20 28 55 6e 69 78 29 0d 
0a 43 6f 6e 74 65 6e 74 2d 4c 65 6e 67 74 68 3a 
20 32 38 37 0d 0a 4b 65 65 70 2d 41 6c 69 76 65 
3a 20 74 69 6d 65 6f 75 74 3d 31 35 2c 20 6d 61 
78 3d 39 38 0d 0a 43 6f 6e 6e 65 63 74 69 6f 6e 
3a 20 4b 65 65 70 2d 41 6c 69 76 65 0d 0a 43 6f 
6e 74 65 6e 74 2d 54 79 70 65 3a 20 74 65 78 74 
2f 68 74 6d 6c 3b 20 63 68 61 72 73 65 74 3d 69 
73 6f 2d 38 38 35 39 2d 31 0d 0a 0d 0a 3c 21 44 
4f 43 54 59 50 45 20 48 54 4d 4c 20 50 55 42 4c 
49 43 20 22 2d 2f 2f 49 45 54 46 2f 2f 44 54 44 
20 48 54 4d 4c 20 32 2e 30 2f 2f 45 4e 22 3e 0a 
3c 68 74 6d 6c 3e 3c 68 65 61 64 3e 0a 3c 74 69 
74 6c 65 3e 34 30 34 20 4e 6f 74 20 46 6f 75 6e 
64 3c 2f 74 69 74 6c 65 3e 0a 3c 2f 68 65 61 64 
3e 3c 62 6f 64 79 3e 0a 3c 68 31 3e 4e 6f 74 20 
46 6f 75 6e 64 3c 2f 68 31 3e 0a 3c 70 3e 54 68 
65 20 72 65 71 75 65 73 74 65 64 20 55 52 4c 20 
2f 62 75 6c 6c 65 74 2e 67 69 66 20 77 61 73 20 
6e 6f 74 20 66 6f 75 6e 64 20 6f 6e 20 74 68 69 
73 20 73 65 72 76 65 72 2e 3c 2f 70 3e 0a 3c 68 
72 20 2f 3e 0a 3c 61 64 64 72 65 73 73 3e 41 70 
61 63 68 65 2f 32 2e 30 2e 34 34 20 28 55 6e 69 
78 29 20 53 65 72 76 65 72 20 61 74 20 31 39 32 
2e 31 36 38 2e 33 36 2e 33 30 20 50 6f 72 74 20 
38 30 3c 2f 61 64 64 72 65 73 73 3e 0a 3c 2f 62 
6f 64 79 3e 3c 2f 68 74 6d 6c 3e 0a 

00 04 75 8d 49 c7 00 aa 00 30 91 09 08 00 45 00 
00 1c 08 81 20 00 80 06 48 cc c0 a8 24 20 c0 a8 
24 1e 04 3c 00 50 64 f1 98 f9 00 00 00 00 00 00 
00 00 f3 42 00 00 47 45 54 20 00 00 00 00 00 00 
00 00 00 00 00 00 00 00 00 00 00 00 00 00 00 00 
00 00 63 65 70 74 3a 20 2a 2f 00 00 00 00 00 00 
00 00 65 72 3a 20 68 74 74 70 67 69 66 20 48 54 
54 50 36 38 2e 33 36 2e 33 30 00 00 00 00 00 00 
00 00 74 2d 4c 61 6e 67 75 61 00 00 00 00 00 00 
00 00 73 0d 0a 41 63 63 65 70 00 00 00 00 00 00 
00 00 6e 67 3a 20 67 7a 69 70 00 00 00 00 00 00 
00 00 65 0d 0a 55 73 65 72 2d 00 00 00 00 00 00 
00 00 6f 7a 69 6c 6c 61 2f 34 00 00 00 00 00 00 
00 00 61 74 69 62 6c 65 3b 20 00 00 00 00 00 00 
00 00 31 3b 20 57 69 6e 64 6f 00 00 00 00 00 00 
00 00 30 29 0d 0a 48 6f 73 74 00 00 00 00 00 00 
00 00 38 2e 33 36 2e 33 30 0d 00 00 00 00 00 00 
00 00 69 6f 6e 3a 20 4b 65 65 00 00 00 00 00 00 
00 00 3a 20 31 

00 aa 00 30 91 0d 00 04 75 8d 49 c7 08 00 45 00 
02 3e 99 1c 40 00 40 06 d6 0e c0 a8 24 1e c0 a8 
24 20 00 50 04 3d 36 17 8a 98 64 f2 85 f6 50 18 
16 d0 71 b1 00 00 48 54 54 50 2f 31 2e 31 20 34 
30 34 20 4e 6f 74 20 46 6f 75 6e 64 0d 0a 44 61 
74 65 3a 20 57 65 64 2c 20 32 36 20 46 65 62 20 
32 30 30 33 20 31 39 3a 31 37 3a 31 33 20 47 4d 
54 0d 0a 53 65 72 76 65 72 3a 20 41 70 61 63 68 
65 2f 32 2e 30 2e 34 34 20 28 55 6e 69 78 29 0d 
0a 43 6f 6e 74 65 6e 74 2d 4c 65 6e 67 74 68 3a 
20 33 31 39 0d 0a 4b 65 65 70 2d 41 6c 69 76 65 
3a 20 74 69 6d 65 6f 75 74 3d 31 35 2c 20 6d 61 
78 3d 39 39 0d 0a 43 6f 6e 6e 65 63 74 69 6f 6e 
3a 20 4b 65 65 70 2d 41 6c 69 76 65 0d 0a 43 6f 
6e 74 65 6e 74 2d 54 79 70 65 3a 20 74 65 78 74 
2f 68 74 6d 6c 3b 20 63 68 61 72 73 65 74 3d 69 
73 6f 2d 38 38 35 39 2d 31 0d 0a 0d 0a 3c 21 44 
4f 43 54 59 50 45 20 48 54 4d 4c 20 50 55 42 4c 
49 43 20 22 2d 2f 2f 49 45 54 46 2f 2f 44 54 44 
20 48 54 4d 4c 20 32 2e 30 2f 2f 45 4e 22 3e 0a 
3c 68 74 6d 6c 3e 3c 68 65 61 64 3e 0a 3c 74 69 
74 6c 65 3e 34 30 34 20 4e 6f 74 20 46 6f 75 6e 
64 3c 2f 74 69 74 6c 65 3e 0a 3c 2f 68 65 61 64 
3e 3c 62 6f 64 79 3e 0a 3c 68 31 3e 4e 6f 74 20 
46 6f 75 6e 64 3c 2f 68 31 3e 0a 3c 70 3e 54 68 
65 20 72 65 71 75 65 73 74 65 64 20 55 52 4c 20 
2f 70 75 62 6c 69 63 5f 61 66 66 61 69 72 73 2f 
69 6d 61 67 65 73 2f 6e 69 73 74 68 6f 6d 65 5f 
62 61 6e 6e 65 72 33 2e 6a 70 67 20 77 61 73 20 
6e 6f 74 20 66 6f 75 6e 64 20 6f 6e 20 74 68 69 
73 20 73 65 72 76 65 72 2e 3c 2f 70 3e 0a 3c 68 
72 20 2f 3e 0a 3c 61 64 64 72 65 73 73 3e 41 70 
61 63 68 65 2f 32 2e 30 2e 34 34 20 28 55 6e 69 
78 29 20 53 65 72 76 65 72 20 61 74 20 31 39 32 
2e 31 36 38 2e 33 36 2e 33 30 20 50 6f 72 74 20 
38 30 3c 2f 61 64 64 72 65 73 73 3e 0a 3c 2f 62 
6f 64 79 3e 3c 2f 68 74 6d 6c 3e 0a 

00 aa 00 30 91 0d 00 04 75 8d 49 c7 08 00 45 00 
00 dc fd fb 40 00 40 06 72 91 c0 a8 24 1e c0 a8 
24 20 00 50 04 3c 36 06 f0 94 64 f1 9b 30 50 18 
16 d0 74 25 00 00 48 54 54 50 2f 31 2e 31 20 33 
30 34 20 4e 6f 74 20 4d 6f 64 69 66 69 65 64 0d 
0a 44 61 74 65 3a 20 57 65 64 2c 20 32 36 20 46 
65 62 20 32 30 30 33 20 31 39 3a 31 37 3a 31 33 
20 47 4d 54 0d 0a 53 65 72 76 65 72 3a 20 41 70 
61 63 68 65 2f 32 2e 30 2e 34 34 20 28 55 6e 69 
78 29 0d 0a 43 6f 6e 6e 65 63 74 69 6f 6e 3a 20 
4b 65 65 70 2d 41 6c 69 76 65 0d 0a 4b 65 65 70 
2d 41 6c 69 76 65 3a 20 74 69 6d 65 6f 75 74 3d 
31 35 2c 20 6d 61 78 3d 39 37 0d 0a 45 54 61 67 
3a 20 22 33 37 65 39 38 2d 31 35 66 2d 61 31 32 
35 66 34 38 30 22 0d 0a 0d 0a 

00 04 75 8d 49 c7 00 aa 00 30 91 09 08 00 45 00 
00 1c 08 85 20 00 80 06 48 c8 c0 a8 24 20 c0 a8 
24 1e 04 3c 00 50 64 f1 99 e8 00 00 00 00 00 00 
00 00 00 00 00 00 00 00 00 00 00 00 00 00 00 00 
00 00 00 00 00 00 00 00 00 00 00 00 00 00 00 00 
00 00 36 06 f0 94 50 18 41 0f 23 d7 00 00 47 45 
54 20 2f 70 72 6f 67 72 61 6d 73 2e 67 69 66 20 
48 54 54 50 2f 31 2e 31 0d 0a 41 63 63 65 70 74 
3a 20 2a 2f 2a 0d 0a 52 65 66 65 72 65 72 3a 20 
68 74 74 70 3a 2f 2f 31 39 32 2e 31 36 38 2e 33 
36 2e 33 30 2f 0d 0a 41 63 63 65 70 74 2d 4c 61 
6e 67 75 61 67 65 3a 20 65 6e 2d 75 73 0d 0a 41 
63 63 65 70 74 2d 45 6e 63 6f 64 69 6e 67 3a 20 
67 7a 69 70 2c 20 64 65 66 6c 20 32 31 3a 33 33 
3a 35 4d 6f 64 69 66 69 65 64 66 2d 4e 6f 6e 65 
2d 4d 54 68 75 2c 20 32 33 20 37 65 39 38 2d 31 
35 66 00 00 00 00 00 00 00 00 30 22 0d 0a 55 73 
65 72 00 00 00 00 00 00 00 00 4d 6f 7a 69 6c 6c 
61 2f 00 00 00 00 00 00 00 00 70 61 74 69 62 6c 
65 3b 00 00 00 00 00 00 00 00 30 31 3b 20 57 69 
6e 64 00 00 00 00 00 00 00 00 2e 30 29 0d 0a 48 
6f 73 00 00 00 00 00 00 00 00 36 38 2e 33 36 2e 
33 30 0d 0a 43 6f 6e 6e 65 63 74 69 6f 6e 3a 20 
4b 65 65 70 2d 41 6c 69 76 65 74 3a 20 31 

00 aa 00 30 91 0d 00 04 75 8d 49 c7 08 00 45 00 
02 22 99 1e 40 00 40 06 d6 28 c0 a8 24 1e c0 a8 
24 20 00 50 04 3d 36 17 8d 62 64 f2 88 33 50 18 
16 d0 b6 b4 00 00 48 54 54 50 2f 31 2e 31 20 34 
30 34 20 4e 6f 74 20 46 6f 75 6e 64 0d 0a 44 61 
74 65 3a 20 57 65 64 2c 20 32 36 20 46 65 62 20 
32 30 30 33 20 31 39 3a 31 37 3a 31 33 20 47 4d 
54 0d 0a 53 65 72 76 65 72 3a 20 41 70 61 63 68 
65 2f 32 2e 30 2e 34 34 20 28 55 6e 69 78 29 0d 
0a 43 6f 6e 74 65 6e 74 2d 4c 65 6e 67 74 68 3a 
20 32 39 31 0d 0a 4b 65 65 70 2d 41 6c 69 76 65 
3a 20 74 69 6d 65 6f 75 74 3d 31 35 2c 20 6d 61 
78 3d 39 37 0d 0a 43 6f 6e 6e 65 63 74 69 6f 6e 
3a 20 4b 65 65 70 2d 41 6c 69 76 65 0d 0a 43 6f 
6e 74 65 6e 74 2d 54 79 70 65 3a 20 74 65 78 74 
2f 68 74 6d 6c 3b 20 63 68 61 72 73 65 74 3d 69 
73 6f 2d 38 38 35 39 2d 31 0d 0a 0d 0a 3c 21 44 
4f 43 54 59 50 45 20 48 54 4d 4c 20 50 55 42 4c 
49 43 20 22 2d 2f 2f 49 45 54 46 2f 2f 44 54 44 
20 48 54 4d 4c 20 32 2e 30 2f 2f 45 4e 22 3e 0a 
3c 68 74 6d 6c 3e 3c 68 65 61 64 3e 0a 3c 74 69 
74 6c 65 3e 34 30 34 20 4e 6f 74 20 46 6f 75 6e 
64 3c 2f 74 69 74 6c 65 3e 0a 3c 2f 68 65 61 64 
3e 3c 62 6f 64 79 3e 0a 3c 68 31 3e 4e 6f 74 20 
46 6f 75 6e 64 3c 2f 68 31 3e 0a 3c 70 3e 54 68 
65 20 72 65 71 75 65 73 74 65 64 20 55 52 4c 20 
2f 62 6c 61 63 6b 5f 31 70 69 78 2e 67 69 66 20 
77 61 73 20 6e 6f 74 20 66 6f 75 6e 64 20 6f 6e 
20 74 68 69 73 20 73 65 72 76 65 72 2e 3c 2f 70 
3e 0a 3c 68 72 20 2f 3e 0a 3c 61 64 64 72 65 73 
73 3e 41 70 61 63 68 65 2f 32 2e 30 2e 34 34 20 
28 55 6e 69 78 29 20 53 65 72 76 65 72 20 61 74 
20 31 39 32 2e 31 36 38 2e 33 36 2e 33 30 20 50 
6f 72 74 20 38 30 3c 2f 61 64 64 72 65 73 73 3e 
0a 3c 2f 62 6f 64 79 3e 3c 2f 68 74 6d 6c 3e 0a 

00 aa 00 30 91 0d 00 04 75 8d 49 c7 08 00 45 00 
00 dc fd fc 40 00 40 06 72 90 c0 a8 24 1e c0 a8 
24 20 00 50 04 3c 36 06 f1 48 64 f1 9c 7d 50 18 
16 d0 71 55 00 00 48 54 54 50 2f 31 2e 31 20 33 
30 34 20 4e 6f 74 20 4d 6f 64 69 66 69 65 64 0d 
0a 44 61 74 65 3a 20 57 65 64 2c 20 32 36 20 46 
65 62 20 32 30 30 33 20 31 39 3a 31 37 3a 31 33 
20 47 4d 54 0d 0a 53 65 72 76 65 72 3a 20 41 70 
61 63 68 65 2f 32 2e 30 2e 34 34 20 28 55 6e 69 
78 29 0d 0a 43 6f 6e 6e 65 63 74 69 6f 6e 3a 20 
4b 65 65 70 2d 41 6c 69 76 65 0d 0a 4b 65 65 70 
2d 41 6c 69 76 65 3a 20 74 69 6d 65 6f 75 74 3d 
31 35 2c 20 6d 61 78 3d 39 36 0d 0a 45 54 61 67 
3a 20 22 33 37 65 39 33 2d 36 38 65 2d 63 31 34 
36 37 31 34 30 22 0d 0a 0d 0a 

00 aa 00 30 91 0d 00 04 75 8d 49 c7 08 00 45 00 
00 dc 99 1d 40 00 40 06 d7 6f c0 a8 24 1e c0 a8 
24 20 00 50 04 3d 36 17 8c ae 64 f2 87 40 50 18 
16 d0 8b ea 00 00 48 54 54 50 2f 31 2e 31 20 33 
30 34 20 4e 6f 74 20 4d 6f 64 69 66 69 65 64 0d 
0a 44 61 74 65 3a 20 57 65 64 2c 20 32 36 20 46 
65 62 20 32 30 30 33 20 31 39 3a 31 37 3a 31 33 
20 47 4d 54 0d 0a 53 65 72 76 65 72 3a 20 41 70 
61 63 68 65 2f 32 2e 30 2e 34 34 20 28 55 6e 69 
78 29 0d 0a 43 6f 6e 6e 65 63 74 69 6f 6e 3a 20 
4b 65 65 70 2d 41 6c 69 76 65 0d 0a 4b 65 65 70 
2d 41 6c 69 76 65 3a 20 74 69 6d 65 6f 75 74 3d 
31 35 2c 20 6d 61 78 3d 39 38 0d 0a 45 54 61 67 
3a 20 22 33 37 65 39 39 2d 32 36 37 2d 61 31 63 
64 63 64 34 30 22 0d 0a 0d 0a 

00 04 75 8d 49 c7 00 aa 00 30 91 09 08 00 45 00 
00 1c 08 89 20 00 80 06 48 c4 c0 a8 24 20 c0 a8 
24 1e 04 3c 00 50 64 f1 9b 30 00 00 00 00 00 00 
00 00 67 5a 00 00 47 45 54 20 00 00 00 00 00 00 
00 00 76 5f 6c 6f 67 6f 2e 67 00 00 00 00 00 00 
00 00 31 2e 31 0d 0a 41 63 63 00 00 00 00 00 00 
00 00 0d 0a 52 65 66 65 72 65 00 00 00 00 00 00 
00 00 2f 2f 31 39 32 2e 31 36 00 00 00 00 00 00 
00 00 0d 0a 41 63 63 65 70 74 00 00 00 00 00 00 
00 00 65 3a 20 65 6e 2d 75 73 00 00 00 00 00 00 
00 00 38 2e 33 36 2e 33 30 2f 67 3a 20 67 7a 69 
70 2c 2d 4c 61 6e 67 75 61 67 0d 0a 49 66 2d 4d 
6f 64 0d 0a 41 63 63 65 70 74 6e 63 65 3a 20 54 
68 75 00 00 00 00 00 00 00 00 20 32 30 30 33 20 
32 31 00 00 00 00 00 00 00 00 4d 54 0d 0a 49 66 
2d 4e 00 00 00 00 00 00 00 00 68 3a 20 22 33 37 
65 39 00 00 00 00 00 00 00 00 34 36 37 31 34 30 
22 0d 00 00 00 00 00 00 00 00 65 6e 74 3a 20 4d 
6f 7a 00 00 00 00 00 00 00 00 20 28 63 6f 6d 70 
61 74 69 62 6c 65 3b 20 4d 53 49 45 20 35 2e 30 
31 3b 00 00 00 00 00 00 00 00 20 4e 54 20 35 2e 
30 29 0d 0a 48 6f 73 74 3a 20 31 39 32 2e 31 36 
38 2e 00 00 00 00 00 00 00 00 6f 6e 6e 65 63 74 
69 6f 00 00 00 00 00 00 00 00 41 6c 69 76 65 0d 
0a 0d 0a 

00 04 75 8d 49 c7 00 aa 00 30 91 09 08 00 45 00 
00 1c 08 87 20 00 80 06 48 c6 c0 a8 24 20 c0 a8 
24 1e 04 3d 00 50 64 f2 85 f6 00 00 00 00 00 00 
00 00 00 00 00 00 00 00 00 00 00 00 00 00 00 00 
00 00 00 00 00 00 00 00 00 00 00 00 00 00 00 00 
00 00 36 17 8c ae 50 18 41 a5 ca b0 00 00 47 45 
54 20 2f 73 65 61 72 63 68 6e 69 73 74 2e 67 69 
66 20 48 54 54 50 2f 31 2e 31 0d 0a 41 63 63 65 
70 74 3a 20 2a 2f 2a 0d 0a 52 65 66 65 72 65 72 
3a 20 65 6e 2d 75 73 0d 0a 41 39 32 2e 31 36 38 
2e 33 63 6f 64 69 6e 67 3a 20 63 63 65 70 74 2d 
4c 61 66 6c 61 74 65 0d 0a 49 00 00 00 00 00 00 
00 00 65 64 2d 53 69 6e 63 65 00 00 00 00 00 00 
00 00 33 20 4a 61 6e 20 32 30 00 00 00 00 00 00 
00 00 3a 30 35 20 47 4d 54 0d 00 00 00 00 00 00 
00 00 2d 4d 61 74 63 68 3a 20 00 00 00 00 00 00 
00 00 36 37 2d 61 31 63 64 63 00 00 00 00 00 00 
00 00 65 72 2d 41 67 65 6e 74 00 00 00 00 00 00 
00 00 61 2f 34 2e 30 20 28 63 00 00 00 00 00 00 
00 00 65 3b 20 4d 53 49 45 20 00 00 00 00 00 00 
00 00 6e 64 6f 77 73 20 4e 54 00 00 00 00 00 00 
00 00 6f 73 74 3a 20 31 39 32 00 00 00 00 00 00 
00 00 33 30 0d 0a 43 6f 6e 6e 00 00 00 00 00 00 
00 00 4b 65 65 70 2d 41 6c 69 00 00 00 00 00 00 

00 04 75 8d 49 c7 00 aa 00 30 91 09 08 00 45 00 
00 1c 08 8b 20 00 80 06 48 c2 c0 a8 24 20 c0 a8 
24 1e 04 3d 00 50 64 f2 87 40 00 00 00 00 00 00 
00 00 a6 9f 00 00 47 45 54 20 00 00 00 00 00 00 
00 00 70 69 78 2e 67 69 66 20 00 00 00 00 00 00 
00 00 36 17 8d 62 50 18 40 f1 00 00 00 00 00 00 
00 00 65 66 65 72 65 72 3a 20 00 00 00 00 00 00 
00 00 48 54 54 50 2f 31 2e 31 0d 0a 41 63 63 65 
70 74 3a 20 2a 2f 2a 0d 0a 52 00 00 00 00 00 00 
00 00 68 74 74 70 3a 2f 2f 31 39 32 2e 31 36 38 
2e 33 36 2e 33 30 2f 0d 0a 41 63 63 65 70 74 2d 
4c 61 6e 67 75 61 67 65 3a 20 65 6e 2d 75 73 0d 
0a 41 63 63 65 70 74 2d 45 6e 6c 61 2f 34 2e 30 
20 28 67 7a 69 70 2c 20 64 65 66 6c 61 74 65 0d 
0a 55 73 65 72 2d 41 67 65 6e 74 3a 20 4d 6f 7a 
69 6c 00 00 00 00 00 00 00 00 63 6f 6d 70 61 74 
69 62 32 2e 31 36 38 2e 33 36 20 35 2e 30 31 3b 
20 57 69 6e 64 6f 77 73 20 4e 54 20 35 2e 30 29 
0d 0a 69 76 65 0d 0a 0d 0a 

00 aa 00 30 91 0d 00 04 75 8d 49 c7 08 00 45 00 
00 dc fd fd 40 00 40 06 72 8f c0 a8 24 1e c0 a8 
24 20 00 50 04 3c 36 06 f1 fc 64 f1 9d c4 50 18 
16 d0 3c 07 00 00 48 54 54 50 2f 31 2e 31 20 33 
30 34 20 4e 6f 74 20 4d 6f 64 69 66 69 65 64 0d 
0a 44 61 74 65 3a 20 57 65 64 2c 20 32 36 20 46 
65 62 20 32 30 30 33 20 31 39 3a 31 37 3a 31 33 
20 47 4d 54 0d 0a 53 65 72 76 65 72 3a 20 41 70 
61 63 68 65 2f 32 2e 30 2e 34 34 20 28 55 6e 69 
78 29 0d 0a 43 6f 6e 6e 65 63 74 69 6f 6e 3a 20 
4b 65 65 70 2d 41 6c 69 76 65 0d 0a 4b 65 65 70 
2d 41 6c 69 76 65 3a 20 74 69 6d 65 6f 75 74 3d 
31 35 2c 20 6d 61 78 3d 39 35 0d 0a 45 54 61 67 
3a 20 22 33 37 65 39 35 2d 31 61 64 2d 61 30 64 
39 61 39 34 30 22 0d 0a 0d 0a 

00 04 75 8d 49 c7 00 aa 00 30 91 09 08 00 45 00 
00 1c 08 8d 20 00 80 06 48 c0 c0 a8 24 20 c0 a8 
24 1e 04 3c 00 50 64 f1 9c 7d 00 00 00 00 00 00 
00 00 00 00 00 00 00 00 00 00 00 00 00 00 00 00 
00 00 00 00 00 00 00 00 00 00 00 00 00 00 00 00 
00 00 36 06 f1 fc 50 18 3f a7 53 2d 00 00 47 45 
54 20 2f 69 6e 66 6f 66 6f 72 2e 67 69 66 20 48 
54 54 50 2f 31 2e 31 0d 0a 41 63 63 65 70 74 3a 
20 2a 2f 2a 0d 0a 52 65 66 65 72 65 72 3a 20 68 
74 74 70 3a 2f 2f 31 39 32 2e 31 36 38 2e 33 36 
2e 33 30 2f 0d 0a 41 63 63 65 70 74 2d 4c 61 6e 
67 75 61 67 65 3a 20 65 6e 2d 75 73 0d 0a 41 63 
63 65 70 74 2d 45 6e 63 6f 64 69 6e 67 3a 20 67 
7a 69 70 2c 20 64 65 66 6c 61 74 65 0d 0a 49 66 
2d 4d 6f 64 69 66 69 65 64 2d 53 69 6e 63 65 3a 
20 54 68 75 2c 20 32 33 20 4a 61 6e 20 32 30 30 
33 20 32 31 3a 33 33 3a 34 39 20 47 4d 54 0d 0a 
49 66 2d 4e 6f 6e 65 2d 4d 61 74 63 68 3a 20 22 
33 37 65 39 35 2d 31 61 64 2d 61 30 64 39 61 39 
34 30 22 0d 0a 55 73 65 72 2d 41 67 65 6e 74 3a 
20 4d 6f 7a 69 6c 6c 61 2f 34 2e 30 20 28 63 6f 
6d 70 61 74 69 62 6c 65 3b 20 4d 53 49 45 20 35 
2e 30 31 3b 20 57 69 6e 64 6f 77 73 20 4e 54 20 
35 2e 30 29 0d 0a 48 6f 73 74 3a 20 31 

00 aa 00 30 91 0d 00 04 75 8d 49 c7 08 00 45 00 
00 dc 99 20 40 00 40 06 d7 6c c0 a8 24 1e c0 a8 
24 20 00 50 04 3d 36 17 90 10 64 f2 8a c9 50 18 
16 d0 88 11 00 00 48 54 54 50 2f 31 2e 31 20 33 
30 34 20 4e 6f 74 20 4d 6f 64 69 66 69 65 64 0d 
0a 44 61 74 65 3a 20 57 65 64 2c 20 32 36 20 46 
65 62 20 32 30 30 33 20 31 39 3a 31 37 3a 31 33 
20 47 4d 54 0d 0a 53 65 72 76 65 72 3a 20 41 70 
61 63 68 65 2f 32 2e 30 2e 34 34 20 28 55 6e 69 
78 29 0d 0a 43 6f 6e 6e 65 63 74 69 6f 6e 3a 20 
4b 65 65 70 2d 41 6c 69 76 65 0d 0a 4b 65 65 70 
2d 41 6c 69 76 65 3a 20 74 69 6d 65 6f 75 74 3d 
31 35 2c 20 6d 61 78 3d 39 35 0d 0a 45 54 61 67 
3a 20 22 33 37 65 39 31 2d 31 65 61 2d 63 30 66 
61 32 36 30 30 22 0d 0a 0d 0a 

00 aa 00 30 91 0d 00 04 75 8d 49 c7 08 00 45 00 
00 dd fe 00 40 00 40 06 72 8b c0 a8 24 1e c0 a8 
24 20 00 50 04 3c 36 06 f4 18 64 f1 a1 9f 50 18 
16 d0 de 36 00 00 48 54 54 50 2f 31 2e 31 20 33 
30 34 20 4e 6f 74 20 4d 6f 64 69 66 69 65 64 0d 
0a 44 61 74 65 3a 20 57 65 64 2c 20 32 36 20 46 
65 62 20 32 30 30 33 20 31 39 3a 31 37 3a 31 33 
20 47 4d 54 0d 0a 53 65 72 76 65 72 3a 20 41 70 
61 63 68 65 2f 32 2e 30 2e 34 34 20 28 55 6e 69 
78 29 0d 0a 43 6f 6e 6e 65 63 74 69 6f 6e 3a 20 
4b 65 65 70 2d 41 6c 69 76 65 0d 0a 4b 65 65 70 
2d 41 6c 69 76 65 3a 20 74 69 6d 65 6f 75 74 3d 
31 35 2c 20 6d 61 78 3d 39 32 0d 0a 45 54 61 67 
3a 20 22 33 37 65 39 65 2d 31 65 30 34 2d 38 35 
30 62 63 61 38 30 22 0d 0a 0d 0a 

00 04 75 8d 49 c7 00 aa 00 30 91 09 08 00 45 00 
00 1c 08 8f 20 00 80 06 48 be c0 a8 24 20 c0 a8 
24 1e 04 3d 00 50 64 f2 88 33 00 00 00 00 00 00 
00 00 00 00 00 00 00 00 00 00 00 00 00 00 00 00 
00 00 00 00 00 00 00 00 00 00 00 00 00 00 00 00 
00 00 36 17 8f 5c 50 18 3e f7 ad 3d 00 00 47 45 
54 20 2f 6e 69 73 74 70 72 6f 64 73 65 72 76 73 
2e 67 69 66 20 48 54 54 50 2f 31 2e 31 0d 0a 41 
63 63 65 70 74 3a 20 2a 2f 2a 0d 0a 52 65 66 65 
72 65 72 3a 20 68 74 74 70 3a 2f 2f 31 39 32 2e 
31 36 38 2e 33 36 2e 33 30 2f 0d 0a 41 63 63 65 
70 74 2d 4c 61 6e 67 75 61 67 65 3a 20 65 6e 2d 
75 73 0d 0a 41 63 63 65 70 74 2d 45 6e 63 6f 64 
69 6e 67 3a 20 67 7a 69 70 2c 20 64 65 66 6c 61 
74 65 0d 0a 49 66 2d 4d 6f 64 69 66 69 65 64 2d 
53 69 6e 63 65 3a 20 54 68 75 2c 20 32 33 20 4a 
61 6e 20 32 30 30 33 20 32 31 3a 33 33 3a 35 39 
20 47 4d 54 0d 0a 49 66 2d 4e 6f 6e 65 2d 4d 61 
74 63 68 3a 20 22 33 37 65 39 37 2d 32 39 66 2d 
61 31 37 32 33 66 63 30 22 0d 0a 55 73 65 72 2d 
41 67 65 6e 74 3a 20 4d 6f 7a 69 6c 6c 61 2f 34 
2e 30 20 28 63 6f 6d 70 61 74 69 62 6c 65 3b 20 
4d 53 49 45 20 35 2e 30 31 3b 20 57 69 6e 64 6f 
77 73 20 4e 54 20 35 2e 30 29 0d 0a 48 6f 73 74 
3a 20 31 

00 aa 00 30 91 0d 00 04 75 8d 49 c7 08 00 45 00 
00 dc fd fe 40 00 40 06 72 8e c0 a8 24 1e c0 a8 
24 20 00 50 04 3c 36 06 f2 b0 64 f1 9f 0e 50 18 
16 d0 11 6a 00 00 48 54 54 50 2f 31 2e 31 20 33 
30 34 20 4e 6f 74 20 4d 6f 64 69 66 69 65 64 0d 
0a 44 61 74 65 3a 20 57 65 64 2c 20 32 36 20 46 
65 62 20 32 30 30 33 20 31 39 3a 31 37 3a 31 33 
20 47 4d 54 0d 0a 53 65 72 76 65 72 3a 20 41 70 
61 63 68 65 2f 32 2e 30 2e 34 34 20 28 55 6e 69 
78 29 0d 0a 43 6f 6e 6e 65 63 74 69 6f 6e 3a 20 
4b 65 65 70 2d 41 6c 69 76 65 0d 0a 4b 65 65 70 
2d 41 6c 69 76 65 3a 20 74 69 6d 65 6f 75 74 3d 
31 35 2c 20 6d 61 78 3d 39 34 0d 0a 45 54 61 67 
3a 20 22 33 37 65 39 62 2d 31 61 36 2d 61 32 31 
61 31 38 38 30 22 0d 0a 0d 0a 

00 04 75 8d 49 c7 00 aa 00 30 91 09 08 00 45 00 
00 1c 08 95 20 00 80 06 48 b8 c0 a8 24 20 c0 a8 
24 1e 04 3c 00 50 64 f1 9f 0e 00 00 00 00 00 00 
00 00 64 a3 00 00 47 45 54 20 2f 66 61 71 73 2e 
67 69 00 00 00 00 00 00 00 00 00 00 00 00 00 00 
00 00 70 74 3a 20 2a 2f 2a 0d 0a 52 65 66 65 72 
65 72 3a 20 68 74 74 70 3a 2f 66 20 48 54 54 50 
2f 31 2e 33 36 2e 33 30 2f 0d 0a 41 63 63 65 70 
74 2d 00 00 00 00 00 00 00 00 00 00 00 00 00 00 
00 00 0a 41 63 63 65 70 74 2d 45 6e 63 6f 64 69 
6e 67 3a 20 67 7a 69 70 2c 20 4c 61 6e 67 75 61 
67 65 3a 20 65 6e 2d 75 73 0d 00 00 00 00 00 00 
00 00 00 00 00 00 00 00 00 00 00 00 00 00 00 00 
00 00 64 65 66 6c 61 74 65 0d 0a 49 66 2d 4d 6f 
64 69 66 69 65 64 2d 53 69 6e 63 65 3a 20 54 68 
75 2c 20 32 33 20 4a 61 6e 20 32 30 30 33 20 32 
31 3a 34 32 3a 34 35 20 47 4d 54 0d 0a 49 66 2d 
4e 6f 6e 65 2d 4d 61 74 63 68 3a 20 22 33 37 65 
39 32 2d 32 62 37 2d 63 30 63 63 35 66 34 30 22 
0d 0a 55 73 65 72 2d 41 67 65 6e 74 3a 20 4d 6f 
7a 69 6c 6c 61 2f 34 2e 30 20 28 63 6f 6d 70 61 
74 69 62 6c 65 3b 20 4d 53 49 45 20 35 2e 30 31 
3b 20 57 69 6e 64 6f 77 73 20 4e 54 20 35 2e 30 
29 0d 6c 69 76 65 0d 0a 0d 0a 

00 aa 00 30 91 0d 00 04 75 8d 49 c7 08 00 45 00 
00 dc 99 1f 40 00 40 06 d7 6d c0 a8 24 1e c0 a8 
24 20 00 50 04 3d 36 17 8f 5c 64 f2 89 80 50 18 
16 d0 b3 fe 00 00 48 54 54 50 2f 31 2e 31 20 33 
30 34 20 4e 6f 74 20 4d 6f 64 69 66 69 65 64 0d 
0a 44 61 74 65 3a 20 57 65 64 2c 20 32 36 20 46 
65 62 20 32 30 30 33 20 31 39 3a 31 37 3a 31 33 
20 47 4d 54 0d 0a 53 65 72 76 65 72 3a 20 41 70 
61 63 68 65 2f 32 2e 30 2e 34 34 20 28 55 6e 69 
78 29 0d 0a 43 6f 6e 6e 65 63 74 69 6f 6e 3a 20 
4b 65 65 70 2d 41 6c 69 76 65 0d 0a 4b 65 65 70 
2d 41 6c 69 76 65 3a 20 74 69 6d 65 6f 75 74 3d 
31 35 2c 20 6d 61 78 3d 39 36 0d 0a 45 54 61 67 
3a 20 22 33 37 65 39 37 2d 32 39 66 2d 61 31 37 
32 33 66 63 30 22 0d 0a 0d 0a 

00 04 75 8d 49 c7 00 aa 00 30 91 09 08 00 45 00 
00 1c 08 91 20 00 80 06 48 bc c0 a8 24 20 c0 a8 
24 1e 04 3c 00 50 64 f1 9d c4 00 00 00 00 00 00 
00 00 00 00 00 00 00 00 00 00 00 00 00 00 00 00 
00 00 68 75 73 2e 67 69 66 20 00 00 00 00 00 00 
00 00 36 06 f2 b0 50 18 3e f3 55 ac 00 00 47 45 
54 20 2f 77 6f 72 6b 77 69 74 00 00 00 00 00 00 
00 00 48 54 54 50 2f 31 2e 31 0d 0a 41 63 63 65 
70 74 3a 20 2a 2f 2a 0d 0a 52 65 66 65 72 65 72 
3a 20 68 74 74 70 3a 2f 2f 31 39 32 2e 31 36 38 
2e 33 36 2e 33 30 2f 0d 0a 41 63 63 65 70 74 2d 
4c 61 66 6c 61 74 65 0d 0a 49 65 6e 2d 75 73 0d 
0a 41 63 63 65 70 74 2d 45 6e 63 6f 64 69 6e 67 
3a 20 33 20 4a 61 6e 20 32 30 00 00 00 00 00 00 
00 00 66 2d 4d 6f 64 69 66 69 0a 49 66 2d 4e 6f 
6e 65 2d 4d 61 74 63 68 3a 20 00 00 00 00 00 00 
00 00 61 36 2d 61 32 31 61 31 3a 31 30 20 47 4d 
54 0d 65 72 2d 41 67 65 6e 74 3a 20 4d 6f 7a 69 
6c 6c 61 2f 34 2e 30 20 28 63 6f 6d 70 61 74 69 
62 6c 65 3b 20 4d 53 49 45 20 00 00 00 00 00 00 
00 00 6e 64 6f 77 73 20 4e 54 00 00 00 00 00 00 
00 00 6f 73 74 3a 20 31 39 32 00 00 00 00 00 00 
00 00 33 30 0d 0a 43 6f 6e 6e 65 63 74 69 6f 6e 
3a 20 4b 65 65 70 2d 41 6c 69 00 00 00 00 00 00 

00 aa 00 30 91 0d 00 04 75 8d 49 c7 08 00 45 00 
00 dc fd ff 40 00 40 06 72 8d c0 a8 24 1e c0 a8 
24 20 00 50 04 3c 36 06 f3 64 64 f1 a0 52 50 18 
16 d0 e0 6c 00 00 48 54 54 50 2f 31 2e 31 20 33 
30 34 20 4e 6f 74 20 4d 6f 64 69 66 69 65 64 0d 
0a 44 61 74 65 3a 20 57 65 64 2c 20 32 36 20 46 
65 62 20 32 30 30 33 20 31 39 3a 31 37 3a 31 33 
20 47 4d 54 0d 0a 53 65 72 76 65 72 3a 20 41 70 
61 63 68 65 2f 32 2e 30 2e 34 34 20 28 55 6e 69 
78 29 0d 0a 43 6f 6e 6e 65 63 74 69 6f 6e 3a 20 
4b 65 65 70 2d 41 6c 69 76 65 0d 0a 4b 65 65 70 
2d 41 6c 69 76 65 3a 20 74 69 6d 65 6f 75 74 3d 
31 35 2c 20 6d 61 78 3d 39 33 0d 0a 45 54 61 67 
3a 20 22 33 37 65 39 32 2d 32 62 37 2d 63 30 63 
63 35 66 34 30 22 0d 0a 0d 0a 

00 04 75 8d 49 c7 00 aa 00 30 91 09 08 00 45 00 
00 1c 08 97 20 00 80 06 48 b6 c0 a8 24 20 c0 a8 
24 1e 04 3d 00 50 64 f2 8a c9 00 00 00 00 00 00 
00 00 00 00 00 00 00 00 00 00 00 00 00 00 00 00 
00 00 00 00 00 00 00 00 00 00 00 00 00 00 00 00 
00 00 36 17 90 c4 50 18 43 bc 3d 47 00 00 47 45 
54 20 2f 63 6c 6f 63 6b 67 72 61 70 68 69 63 2e 
6a 70 67 20 48 54 54 50 2f 31 2e 31 0d 0a 41 63 
63 65 70 74 3a 20 2a 2f 2a 0d 0a 52 65 66 65 72 
65 72 3a 20 68 74 74 70 3a 2f 2f 31 39 32 2e 31 
36 38 2e 33 36 2e 33 30 2f 0d 0a 41 63 63 65 70 
74 2d 4c 61 6e 67 75 61 67 65 3a 20 65 6e 2d 75 
73 0d 0a 41 63 63 65 70 74 2d 45 6e 63 6f 64 69 
6e 67 3a 20 67 7a 69 70 2c 20 64 65 66 6c 61 74 
65 0d 0a 49 66 2d 4d 6f 64 69 66 69 65 64 2d 53 
69 6e 63 65 3a 20 46 72 69 2c 20 32 34 20 4a 61 
6e 20 32 30 30 33 20 31 36 3a 33 31 3a 31 31 20 
47 4d 0a 55 73 65 72 2d 41 67 6e 65 2d 4d 61 74 
63 68 69 6c 6c 61 2f 34 2e 30 2d 31 65 38 64 2d 
38 34 69 62 6c 65 3b 20 4d 53 00 00 00 00 00 00 
00 00 20 57 69 6e 64 6f 77 73 00 00 00 00 00 00 
00 00 0d 0a 48 6f 73 74 3a 20 00 00 00 00 00 00 
00 00 33 36 2e 33 30 0d 0a 43 00 00 00 00 00 00 
00 00 6e 3a 20 4b 65 65 70 2d 00 00 00 00 00 00 
00 00 31 

00 04 75 8d 49 c7 00 aa 00 30 91 09 08 00 45 00 
00 1c 08 93 20 00 80 06 48 ba c0 a8 24 20 c0 a8 
24 1e 04 3d 00 50 64 f2 89 80 36 17 90 10 50 18 
44 70 89 a7 00 00 47 45 54 20 00 00 00 00 00 00 
00 00 00 00 00 00 00 00 00 00 54 54 50 2f 31 2e 
31 0d 0a 41 63 63 65 70 74 3a 00 00 00 00 00 00 
00 00 2f 61 7a 73 75 62 6a 65 63 74 2e 67 69 66 
20 48 00 00 00 00 00 00 00 00 2e 33 30 2f 0d 0a 
41 63 20 2a 2f 2a 0d 0a 52 65 66 65 72 65 72 3a 
20 68 74 74 70 3a 2f 2f 31 39 63 65 70 74 2d 45 
6e 63 00 00 00 00 00 00 00 00 63 65 70 74 2d 4c 
61 6e 67 75 61 67 65 3a 20 65 2d 4d 6f 64 69 66 
69 65 64 2d 53 69 6e 63 65 3a 6f 64 69 6e 67 3a 
20 67 7a 69 70 2c 20 64 65 66 33 20 32 31 3a 34 
32 3a 34 38 20 47 4d 54 0d 0a 00 00 00 00 00 00 
00 00 20 54 68 75 2c 20 32 33 20 4a 61 6e 20 32 
30 30 00 00 00 00 00 00 00 00 00 00 00 00 00 00 
00 00 49 66 2d 4e 6f 6e 65 2d 4d 61 74 63 68 3a 
20 22 33 37 65 39 31 2d 31 65 61 2d 63 30 66 61 
32 36 30 30 22 0d 0a 55 73 65 72 2d 41 67 65 6e 
74 3a 20 4d 6f 7a 69 6c 6c 61 2f 34 2e 30 20 28 
63 6f 6d 70 61 74 69 62 6c 65 3b 20 4d 53 49 45 
20 35 2e 30 31 3b 20 57 69 6e 64 6f 77 73 20 4e 
54 20 35 2e 30 29 0d 0a 48 6f 73 74 3a 20 31 

00 aa 00 30 91 0d 00 04 75 8d 49 c7 08 00 45 00 
00 dd 99 21 40 00 40 06 d7 6a c0 a8 24 1e c0 a8 
24 20 00 50 04 3d 36 17 90 c4 64 f2 8c 16 50 18 
16 d0 f3 58 00 00 48 54 54 50 2f 31 2e 31 20 33 
30 34 20 4e 6f 74 20 4d 6f 64 69 66 69 65 64 0d 
0a 44 61 74 65 3a 20 57 65 64 2c 20 32 36 20 46 
65 62 20 32 30 30 33 20 31 39 3a 31 37 3a 31 33 
20 47 4d 54 0d 0a 53 65 72 76 65 72 3a 20 41 70 
61 63 68 65 2f 32 2e 30 2e 34 34 20 28 55 6e 69 
78 29 0d 0a 43 6f 6e 6e 65 63 74 69 6f 6e 3a 20 
4b 65 65 70 2d 41 6c 69 76 65 0d 0a 4b 65 65 70 
2d 41 6c 69 76 65 3a 20 74 69 6d 65 6f 75 74 3d 
31 35 2c 20 6d 61 78 3d 39 34 0d 0a 45 54 61 67 
3a 20 22 33 37 65 39 63 2d 31 65 38 64 2d 38 34 
36 33 66 31 63 30 22 0d 0a 0d 0a 

00 04 75 8d 49 c7 00 aa 00 30 91 09 08 00 45 00 
00 1c 08 99 20 00 80 06 48 b4 c0 a8 24 20 c0 a8 
24 1e 04 3c 00 50 64 f1 a0 52 00 00 00 00 00 00 
00 00 00 00 00 00 00 00 00 00 00 00 00 00 00 00 
00 00 00 00 00 00 00 00 00 00 67 20 48 54 54 50 
2f 31 36 06 f4 18 50 18 43 bc 70 74 3a 20 2a 2f 
2a 0d 2f 6c 61 75 72 69 65 5f 63 6c 6f 73 65 2e 
6a 70 2f 31 39 32 2e 31 36 38 2e 31 0d 0a 41 63 
63 65 0a 41 63 63 65 70 74 2d 0a 52 65 66 65 72 
65 72 3a 20 65 6e 2d 75 73 0d 00 00 00 00 00 00 
00 00 45 6e 63 6f 64 69 6e 67 00 00 00 00 00 00 
00 00 64 65 66 6c 61 74 65 0d 00 00 00 00 00 00 
00 00 66 69 65 64 2d 53 69 6e 00 00 00 00 00 00 
00 00 20 32 34 20 4a 61 6e 20 00 00 00 00 00 00 
00 00 33 31 3a 32 32 20 47 4d 00 00 00 00 00 00 
00 00 6e 65 2d 4d 61 74 63 68 00 00 00 00 00 00 
00 00 2d 31 65 30 34 2d 38 35 00 00 00 00 00 00 
00 00 0a 55 73 65 72 2d 41 67 00 00 00 00 00 00 
00 00 69 6c 6c 61 2f 34 2e 30 00 00 00 00 00 00 
00 00 69 62 6c 65 3b 20 4d 53 00 00 00 00 00 00 
00 00 20 57 69 6e 64 6f 77 73 00 00 00 00 00 00 
00 00 0d 0a 48 6f 73 74 3a 20 00 00 00 00 00 00 
00 00 33 36 2e 33 30 0d 0a 43 00 00 00 00 00 00 
00 00 6e 3a 20 4b 65 65 70 2d 00 00 00 00 00 00 
00 00 31 

00 04 75 8d 49 c7 00 aa 00 30 91 09 08 00 45 00 
00 1c 08 9b 20 00 80 06 48 b2 c0 a8 24 20 c0 a8 
24 1e 04 3d 00 50 64 f2 8c 16 00 00 00 00 00 00 
00 00 00 00 00 00 00 00 00 00 00 00 00 00 00 00 
00 00 00 00 00 00 00 00 00 00 00 00 00 00 00 00 
00 00 36 17 91 79 50 18 43 07 67 ad 00 00 47 45 
54 20 2f 70 75 62 6c 69 63 5f 61 66 66 61 69 72 
73 2f 69 6d 61 67 65 73 2f 31 30 30 70 69 78 77 
2e 67 69 66 20 48 54 54 50 2f 31 2e 31 0d 0a 41 
63 63 65 70 74 3a 20 2a 2f 2a 0d 0a 52 65 66 65 
72 65 65 3a 20 65 6e 2d 75 73 2f 2f 31 39 32 2e 
31 36 2d 45 6e 63 6f 64 69 6e 0d 0a 41 63 63 65 
70 74 20 64 65 66 6c 61 74 65 00 00 00 00 00 00 
00 00 67 65 6e 74 3a 20 4d 6f 00 00 00 00 00 00 
00 00 67 3a 20 67 7a 69 70 2c 00 00 00 00 00 00 
00 00 0d 0a 55 73 65 72 2d 41 00 00 00 00 00 00 
00 00 73 20 4e 54 20 35 2e 30 30 20 28 63 6f 6d 
70 61 20 31 39 32 2e 31 36 38 53 49 45 20 35 2e 
30 31 43 6f 6e 6e 65 63 74 69 00 00 00 00 00 00 
00 00 2d 41 6c 69 76 65 0d 0a 00 00 

00 aa 00 30 91 0d 00 04 75 8d 49 c7 08 00 45 00 
00 dc 99 23 40 00 40 06 d7 69 c0 a8 24 1e c0 a8 
24 20 00 50 04 3d 36 17 93 86 64 f2 8e 67 50 18 
16 d0 83 00 00 00 48 54 54 50 2f 31 2e 31 20 33 
30 34 20 4e 6f 74 20 4d 6f 64 69 66 69 65 64 0d 
0a 44 61 74 65 3a 20 57 65 64 2c 20 32 36 20 46 
65 62 20 32 30 30 33 20 31 39 3a 31 37 3a 31 33 
20 47 4d 54 0d 0a 53 65 72 76 65 72 3a 20 41 70 
61 63 68 65 2f 32 2e 30 2e 34 34 20 28 55 6e 69 
78 29 0d 0a 43 6f 6e 6e 65 63 74 69 6f 6e 3a 20 
4b 65 65 70 2d 41 6c 69 76 65 0d 0a 4b 65 65 70 
2d 41 6c 69 76 65 3a 20 74 69 6d 65 6f 75 74 3d 
31 35 2c 20 6d 61 78 3d 39 32 0d 0a 45 54 61 67 
3a 20 22 33 37 65 39 61 2d 32 63 61 2d 63 32 32 
62 35 33 30 30 22 0d 0a 0d 0a 

00 aa 00 30 91 0d 00 04 75 8d 49 c7 08 00 45 00 
00 dc fe 01 40 00 40 06 72 8b c0 a8 24 1e c0 a8 
24 20 00 50 04 3c 36 06 f4 cd 64 f1 a2 e7 50 18 
16 d0 3e 73 00 00 48 54 54 50 2f 31 2e 31 20 33 
30 34 20 4e 6f 74 20 4d 6f 64 69 66 69 65 64 0d 
0a 44 61 74 65 3a 20 57 65 64 2c 20 32 36 20 46 
65 62 20 32 30 30 33 20 31 39 3a 31 37 3a 31 33 
20 47 4d 54 0d 0a 53 65 72 76 65 72 3a 20 41 70 
61 63 68 65 2f 32 2e 30 2e 34 34 20 28 55 6e 69 
78 29 0d 0a 43 6f 6e 6e 65 63 74 69 6f 6e 3a 20 
4b 65 65 70 2d 41 6c 69 76 65 0d 0a 4b 65 65 70 
2d 41 6c 69 76 65 3a 20 74 69 6d 65 6f 75 74 3d 
31 35 2c 20 6d 61 78 3d 39 31 0d 0a 45 54 61 67 
3a 20 22 33 37 65 39 36 2d 31 66 38 2d 63 31 62 
31 34 31 30 30 22 0d 0a 0d 0a 

00 aa 00 30 91 0d 00 04 75 8d 49 c7 08 00 45 00 
02 35 99 22 40 00 40 06 d6 11 c0 a8 24 1e c0 a8 
24 20 00 50 04 3d 36 17 91 79 64 f2 8d 1c 50 18 
16 d0 c5 85 00 00 48 54 54 50 2f 31 2e 31 20 34 
30 34 20 4e 6f 74 20 46 6f 75 6e 64 0d 0a 44 61 
74 65 3a 20 57 65 64 2c 20 32 36 20 46 65 62 20 
32 30 30 33 20 31 39 3a 31 37 3a 31 33 20 47 4d 
54 0d 0a 53 65 72 76 65 72 3a 20 41 70 61 63 68 
65 2f 32 2e 30 2e 34 34 20 28 55 6e 69 78 29 0d 
0a 43 6f 6e 74 65 6e 74 2d 4c 65 6e 67 74 68 3a 
20 33 31 30 0d 0a 4b 65 65 70 2d 41 6c 69 76 65 
3a 20 74 69 6d 65 6f 75 74 3d 31 35 2c 20 6d 61 
78 3d 39 33 0d 0a 43 6f 6e 6e 65 63 74 69 6f 6e 
3a 20 4b 65 65 70 2d 41 6c 69 76 65 0d 0a 43 6f 
6e 74 65 6e 74 2d 54 79 70 65 3a 20 74 65 78 74 
2f 68 74 6d 6c 3b 20 63 68 61 72 73 65 74 3d 69 
73 6f 2d 38 38 35 39 2d 31 0d 0a 0d 0a 3c 21 44 
4f 43 54 59 50 45 20 48 54 4d 4c 20 50 55 42 4c 
49 43 20 22 2d 2f 2f 49 45 54 46 2f 2f 44 54 44 
20 48 54 4d 4c 20 32 2e 30 2f 2f 45 4e 22 3e 0a 
3c 68 74 6d 6c 3e 3c 68 65 61 64 3e 0a 3c 74 69 
74 6c 65 3e 34 30 34 20 4e 6f 74 20 46 6f 75 6e 
64 3c 2f 74 69 74 6c 65 3e 0a 3c 2f 68 65 61 64 
3e 3c 62 6f 64 79 3e 0a 3c 68 31 3e 4e 6f 74 20 
46 6f 75 6e 64 3c 2f 68 31 3e 0a 3c 70 3e 54 68 
65 20 72 65 71 75 65 73 74 65 64 20 55 52 4c 20 
2f 70 75 62 6c 69 63 5f 61 66 66 61 69 72 73 2f 
69 6d 61 67 65 73 2f 31 30 30 70 69 78 77 2e 67 
69 66 20 77 61 73 20 6e 6f 74 20 66 6f 75 6e 64 
20 6f 6e 20 74 68 69 73 20 73 65 72 76 65 72 2e 
3c 2f 70 3e 0a 3c 68 72 20 2f 3e 0a 3c 61 64 64 
72 65 73 73 3e 41 70 61 63 68 65 2f 32 2e 30 2e 
34 34 20 28 55 6e 69 78 29 20 53 65 72 76 65 72 
20 61 74 20 31 39 32 2e 31 36 38 2e 33 36 2e 33 
30 20 50 6f 72 74 20 38 30 3c 2f 61 64 64 72 65 
73 73 3e 0a 3c 2f 62 6f 64 79 3e 3c 2f 68 74 6d 
6c 3e 0a 

00 04 75 8d 49 c7 00 aa 00 30 91 09 08 00 45 00 
00 1c 08 9f 20 00 80 06 48 ae c0 a8 24 20 c0 a8 
24 1e 04 3d 00 50 64 f2 8d 1c 36 17 93 86 50 18 
40 fa 34 6e 00 00 47 45 54 20 2f 76 69 73 69 74 
6f 72 69 6e 66 6f 2e 67 69 66 20 48 54 54 50 2f 
31 2e 31 0d 0a 41 63 63 65 70 74 3a 20 2a 2f 2a 
0d 0a 52 65 66 65 72 65 72 3a 20 68 74 74 70 3a 
2f 2f 00 00 00 00 00 00 00 00 00 00 00 00 00 00 
00 00 00 00 00 00 00 00 00 00 00 00 00 00 00 00 
00 00 00 00 00 00 00 00 00 00 31 39 32 2e 31 36 
38 2e 33 36 2e 33 30 2f 0d 0a 41 63 63 65 70 74 
2d 4c 61 6e 67 75 61 67 65 3a 20 65 6e 2d 75 73 
0d 0a 41 63 63 65 70 74 2d 45 6e 63 6f 64 69 6e 
67 3a 20 67 7a 69 70 2c 20 64 65 66 6c 61 74 65 
0d 0a 49 66 2d 4d 6f 64 69 66 69 65 64 2d 53 69 
6e 63 65 3a 20 54 68 75 2c 20 32 33 20 4a 61 6e 
20 32 30 30 33 20 32 31 3a 34 33 3a 30 38 20 47 
4d 54 0d 0a 49 66 2d 4e 6f 6e 65 2d 4d 61 74 63 
68 3a 20 22 33 37 65 39 61 2d 32 63 61 2d 63 32 
32 62 35 33 30 30 22 0d 0a 55 73 65 72 2d 41 67 
65 6e 74 3a 20 4d 6f 7a 69 6c 6c 61 2f 34 2e 30 
20 28 48 6f 73 74 3a 20 31 39 6c 65 3b 20 4d 53 
49 45 2e 33 30 0d 0a 43 6f 6e 69 6e 64 6f 77 73 
20 4e 20 4b 65 65 70 2d 41 6c 00 00 00 00 00 00 
00 

00 04 75 8d 49 c7 00 aa 00 30 91 09 08 00 45 00 
00 1c 08 9d 20 00 80 06 48 b0 c0 a8 24 20 c0 a8 
24 1e 04 3c 00 50 64 f1 a1 9f 00 00 00 00 00 00 
00 00 00 00 00 00 00 00 00 00 00 00 00 00 00 00 
00 00 00 00 00 00 00 00 00 00 00 00 00 00 00 00 
00 00 41 63 63 65 70 74 3a 20 ea 37 00 00 47 45 
54 20 65 72 65 72 3a 20 68 74 66 2e 67 69 66 20 
48 54 2e 31 36 38 2e 33 36 2e 00 00 00 00 00 00 
00 00 65 70 74 2d 4c 61 6e 67 00 00 00 00 00 00 
00 00 74 70 3a 2f 2f 31 39 32 65 70 74 2d 45 6e 
63 6f 33 30 2f 0d 0a 41 63 63 69 70 2c 20 64 65 
66 6c 75 61 67 65 3a 20 65 6e 4d 6f 64 69 66 69 
65 64 00 00 00 00 00 00 00 00 54 68 75 2c 20 32 
33 20 00 00 00 00 00 00 00 00 20 32 31 3a 34 33 
3a 30 00 00 00 00 00 00 00 00 66 2d 4e 6f 6e 65 
2d 4d 00 00 00 00 00 00 00 00 37 65 39 36 2d 31 
66 38 00 00 00 00 00 00 00 00 30 22 0d 0a 55 73 
65 72 00 00 00 00 00 00 00 00 4d 6f 7a 69 6c 6c 
61 2f 00 00 00 00 00 00 00 00 70 61 74 69 62 6c 
65 3b 00 00 00 00 00 00 00 00 30 31 3b 20 57 69 
6e 64 00 00 00 00 00 00 00 00 2e 30 29 0d 0a 48 
6f 73 00 00 00 00 00 00 00 00 36 38 2e 33 36 2e 
33 30 00 00 00 00 00 00 00 00 74 69 6f 6e 3a 20 
4b 65 00 00 00 00 00 00 00 00 74 3a 20 31 

00 04 75 8d 49 c7 00 aa 00 30 91 09 08 00 45 00 
00 1c 08 a1 20 00 80 06 48 ac c0 a8 24 20 c0 a8 
24 1e 04 3c 00 50 64 f1 a2 e7 00 00 00 00 00 00 
00 00 00 00 00 00 00 00 00 00 00 00 00 00 00 00 
00 00 00 00 00 00 00 00 00 00 00 00 00 00 00 00 
00 00 36 06 f5 81 50 18 42 53 30 09 00 00 47 45 
54 20 2f 68 6f 77 74 6f 63 6f 6e 74 61 63 74 2e 
67 69 66 20 48 54 54 50 2f 31 2e 31 0d 0a 41 63 
63 65 70 74 3a 20 2a 2f 2a 0d 0a 52 65 66 65 72 
65 72 3a 20 68 74 74 70 3a 2f 2f 31 39 32 2e 31 
36 38 2e 33 36 2e 33 30 2f 0d 0a 41 63 63 65 70 
74 2d 4c 61 6e 67 75 61 67 65 3a 20 65 6e 2d 75 
73 0d 0a 41 63 63 65 70 74 2d 45 6e 63 6f 64 69 
6e 67 3a 20 67 7a 69 70 2c 20 64 65 66 6c 61 74 
65 0d 0a 49 66 2d 4d 6f 64 69 66 69 65 64 2d 53 
69 6e 63 65 3a 20 54 68 75 2c 20 32 33 20 4a 61 
6e 20 32 30 30 33 20 32 31 3a 34 33 3a 31 36 20 
47 4d 54 0d 0a 49 66 2d 4e 6f 6e 65 2d 4d 61 74 
63 68 3a 20 22 33 37 65 39 34 2d 33 38 36 2d 63 
32 61 35 36 35 30 30 22 0d 0a 55 73 65 72 2d 41 
67 65 6e 74 3a 20 4d 6f 7a 69 6c 6c 61 2f 34 2e 
30 20 28 63 6f 6d 70 61 74 69 62 6c 65 3b 20 4d 
53 49 36 2e 33 30 0d 0a 43 6f 57 69 6e 64 6f 77 
73 20 3a 20 4b 65 65 70 2d 41 0a 48 6f 73 74 3a 
20 31 

00 aa 00 30 91 0d 00 04 75 8d 49 c7 08 00 45 00 
00 dc fe 02 40 00 40 06 72 8a c0 a8 24 1e c0 a8 
24 20 00 50 04 3c 36 06 f5 81 64 f1 a4 33 50 18 
16 d0 61 75 00 00 48 54 54 50 2f 31 2e 31 20 33 
30 34 20 4e 6f 74 20 4d 6f 64 69 66 69 65 64 0d 
0a 44 61 74 65 3a 20 57 65 64 2c 20 32 36 20 46 
65 62 20 32 30 30 33 20 31 39 3a 31 37 3a 31 33 
20 47 4d 54 0d 0a 53 65 72 76 65 72 3a 20 41 70 
61 63 68 65 2f 32 2e 30 2e 34 34 20 28 55 6e 69 
78 29 0d 0a 43 6f 6e 6e 65 63 74 69 6f 6e 3a 20 
4b 65 65 70 2d 41 6c 69 76 65 0d 0a 4b 65 65 70 
2d 41 6c 69 76 65 3a 20 74 69 6d 65 6f 75 74 3d 
31 35 2c 20 6d 61 78 3d 39 30 0d 0a 45 54 61 67 
3a 20 22 33 37 65 39 34 2d 33 38 36 2d 63 32 61 
35 36 35 30 30 22 0d 0a 0d 0a 

00 04 75 8d 49 c7 00 aa 00 30 91 09 08 00 45 00 
00 1c 08 a3 20 00 80 06 48 aa c0 a8 24 20 c0 a8 
24 1e 04 3c 00 50 64 f1 a4 33 36 06 f6 35 50 10 
41 9f 00 00 00 00 
